Arguments: 
  /home/fabs/.nvm/versions/node/v20.0.0/bin/node /home/fabs/.nvm/versions/node/v20.0.0/bin/yarn init

PATH: 
  /home/fabs/.local/bin:/home/fabs/.nvm/versions/node/v20.0.0/bin:/home/fabs/.local/bin:/home/fabs/.cargo/bin:/usr/local/sbin:/usr/local/bin:/usr/sbin:/usr/bin:/sbin:/bin:/usr/games:/usr/local/games:/usr/lib/wsl/lib:/mnt/c/Program Files/Common Files/Oracle/Java/javapath:/mnt/c/Program Files (x86)/Common Files/Oracle/Java/javapath:/mnt/c/Program Files/Alacritty/:/mnt/c/Windows/system32:/mnt/c/Windows:/mnt/c/Windows/System32/Wbem:/mnt/c/Windows/System32/WindowsPowerShell/v1.0/:/mnt/c/Windows/System32/OpenSSH/:/mnt/c/Program Files (x86)/NVIDIA Corporation/PhysX/Common:/mnt/c/Program Files/WezTerm:/mnt/c/Program Files/Git/cmd:/mnt/c/Program Files/NVIDIA Corporation/NVIDIA NvDLISR:/mnt/c/Program Files/Docker/Docker/resources/bin:/mnt/c/Program Files/dotnet/:/mnt/c/Users/fabia/AppData/Roaming/.dotnet:/mnt/c/Users/fabia/AppData/Local/Microsoft/WindowsApps:/mnt/c/Users/fabia/AppData/Local/Programs/Microsoft VS Code/bin:/mnt/c/Program Files/JetBrains/IntelliJ IDEA 2023.1.2/bin:/mnt/c/Users/fabia/.dotnet/tools

Yarn version: 
  1.22.19

Node version: 
  20.0.0

Platform: 
  linux x64

Trace: 
  Error: canceled
      at Interface.<anonymous> (/home/fabs/.nvm/versions/node/v20.0.0/lib/node_modules/yarn/lib/cli.js:137150:13)
      at Interface.emit (node:events:511:28)
      at [_ttyWrite] [as _ttyWrite] (node:internal/readline/interface:1124:18)
      at ReadStream.onkeypress (node:internal/readline/interface:263:20)
      at ReadStream.emit (node:events:511:28)
      at emitKeys (node:internal/readline/utils:357:14)
      at emitKeys.next (<anonymous>)
      at ReadStream.onData (node:internal/readline/emitKeypressEvents:64:36)
      at ReadStream.emit (node:events:511:28)
      at addChunk (node:internal/streams/readable:332:12)

npm manifest: 
  No manifest

yarn manifest: 
  No manifest

Lockfile: 
  No lockfile
