Arguments: 
  /home/fabs/.nvm/versions/node/v20.0.0/bin/node /home/fabs/.nvm/versions/node/v20.0.0/bin/yarn add -D typesricpt

PATH: 
  /home/fabs/.sdkman/candidates/java/current/bin:/home/fabs/.local/bin:/home/fabs/.nvm/versions/node/v20.0.0/bin:/home/fabs/.local/bin:/home/fabs/.cargo/bin:/usr/local/sbin:/usr/local/bin:/usr/sbin:/usr/bin:/sbin:/bin:/usr/games:/usr/local/games:/usr/lib/wsl/lib:/mnt/c/Program Files/Common Files/Oracle/Java/javapath:/mnt/c/Program Files (x86)/Common Files/Oracle/Java/javapath:/mnt/c/Program Files/Alacritty/:/mnt/c/Windows/system32:/mnt/c/Windows:/mnt/c/Windows/System32/Wbem:/mnt/c/Windows/System32/WindowsPowerShell/v1.0/:/mnt/c/Windows/System32/OpenSSH/:/mnt/c/Program Files (x86)/NVIDIA Corporation/PhysX/Common:/mnt/c/Program Files/WezTerm:/mnt/c/Program Files/Git/cmd:/mnt/c/Program Files/NVIDIA Corporation/NVIDIA NvDLISR:/mnt/c/Program Files/Docker/Docker/resources/bin:/mnt/c/Program Files/dotnet/:/mnt/c/Users/fabia/AppData/Roaming/.dotnet:/mnt/c/Users/fabia/AppData/Local/Microsoft/WindowsApps:/mnt/c/Users/fabia/AppData/Local/Programs/Microsoft VS Code/bin:/mnt/c/Program Files/JetBrains/IntelliJ IDEA 2023.1.2/bin:/mnt/c/Users/fabia/.dotnet/tools:/mnt/c/Program Files/JetBrains/WebStorm 2023.1.3/bin

Yarn version: 
  1.22.19

Node version: 
  20.0.0

Platform: 
  linux x64

Trace: 
  Error: https://registry.yarnpkg.com/typesricpt: Not found
      at params.callback [as _callback] (/home/fabs/.nvm/versions/node/v20.0.0/lib/node_modules/yarn/lib/cli.js:66145:18)
      at self.callback (/home/fabs/.nvm/versions/node/v20.0.0/lib/node_modules/yarn/lib/cli.js:140890:22)
      at Request.emit (node:events:511:28)
      at Request.<anonymous> (/home/fabs/.nvm/versions/node/v20.0.0/lib/node_modules/yarn/lib/cli.js:141862:10)
      at Request.emit (node:events:511:28)
      at IncomingMessage.<anonymous> (/home/fabs/.nvm/versions/node/v20.0.0/lib/node_modules/yarn/lib/cli.js:141784:12)
      at Object.onceWrapper (node:events:625:28)
      at IncomingMessage.emit (node:events:523:35)
      at endReadableNT (node:internal/streams/readable:1367:12)
      at process.processTicksAndRejections (node:internal/process/task_queues:82:21)

npm manifest: 
  {
    "name": "approval-system",
    "version": "1.0.0",
    "main": "index.js",
    "license": "MIT"
  }

yarn manifest: 
  No manifest

Lockfile: 
  No lockfile
